This is pdfTeX, Version 3.14159265-2.6-1.40.18 (MiKTeX 2.9.6500 64-bit) (preloaded format=pdflatex 2018.2.6)  5 JAN 2021 14:20
entering extended mode
**./generate_figure_3.tex
(generate_figure_3.tex
LaTeX2e <2017-04-15>
Babel <3.15> and hyphenation patterns for 75 language(s) loaded.
("C:\Program Files\MiKTeX 2.9\tex\latex\base\article.cls"
Document Class: article 2014/09/29 v1.4h Standard LaTeX document class
("C:\Program Files\MiKTeX 2.9\tex\latex\base\size10.clo"
File: size10.clo 2014/09/29 v1.4h Standard LaTeX file (size option)
)
\c@part=\count79
\c@section=\count80
\c@subsection=\count81
\c@subsubsection=\count82
\c@paragraph=\count83
\c@subparagraph=\count84
\c@figure=\count85
\c@table=\count86
\abovecaptionskip=\skip41
\belowcaptionskip=\skip42
\bibindent=\dimen102
)
("C:\Program Files\MiKTeX 2.9\tex\latex\graphics\graphicx.sty"
Package: graphicx 2017/06/01 v1.1a Enhanced LaTeX Graphics (DPC,SPQR)

("C:\Program Files\MiKTeX 2.9\tex\latex\graphics\keyval.sty"
Package: keyval 2014/10/28 v1.15 key=value parser (DPC)
\KV@toks@=\toks14
)
("C:\Program Files\MiKTeX 2.9\tex\latex\graphics\graphics.sty"
Package: graphics 2017/06/25 v1.2c Standard LaTeX Graphics (DPC,SPQR)

("C:\Program Files\MiKTeX 2.9\tex\latex\graphics\trig.sty"
Package: trig 2016/01/03 v1.10 sin cos tan (DPC)
)
("C:\Program Files\MiKTeX 2.9\tex\latex\graphics-cfg\graphics.cfg"
File: graphics.cfg 2016/06/04 v1.11 sample graphics configuration
)
Package graphics Info: Driver file: pdftex.def on input line 99.

("C:\Program Files\MiKTeX 2.9\tex\latex\graphics-def\pdftex.def"
File: pdftex.def 2017/06/24 v1.0g Graphics/color driver for pdftex
))
\Gin@req@height=\dimen103
\Gin@req@width=\dimen104
)
("C:\Program Files\MiKTeX 2.9\tex\latex\graphics\color.sty"
Package: color 2016/07/10 v1.1e Standard LaTeX Color (DPC)

("C:\Program Files\MiKTeX 2.9\tex\latex\graphics-cfg\color.cfg"
File: color.cfg 2016/01/02 v1.6 sample color configuration
)
Package color Info: Driver file: pdftex.def on input line 147.
)
("C:\Program Files\MiKTeX 2.9\tex\latex\framed\framed.sty"
Package: framed 2011/10/22 v 0.96: framed or shaded text with page breaks
\OuterFrameSep=\skip43
\fb@frw=\dimen105
\fb@frh=\dimen106
\FrameRule=\dimen107
\FrameSep=\dimen108
)
("C:\Program Files\MiKTeX 2.9\tex\latex\base\alltt.sty"
Package: alltt 1997/06/16 v2.0g defines alltt environment
)
("C:\Program Files\MiKTeX 2.9\tex\latex\upquote\upquote.sty"
Package: upquote 2012/04/19 v1.3 upright-quote and grave-accent glyphs in verba
tim
)
(generate_figure_3.aux)
\openout1 = `generate_figure_3.aux'.

LaTeX Font Info:    Checking defaults for OML/cmm/m/it on input line 53.
LaTeX Font Info:    ... okay on input line 53.
LaTeX Font Info:    Checking defaults for T1/cmr/m/n on input line 53.
LaTeX Font Info:    ... okay on input line 53.
LaTeX Font Info:    Checking defaults for OT1/cmr/m/n on input line 53.
LaTeX Font Info:    ... okay on input line 53.
LaTeX Font Info:    Checking defaults for OMS/cmsy/m/n on input line 53.
LaTeX Font Info:    ... okay on input line 53.
LaTeX Font Info:    Checking defaults for OMX/cmex/m/n on input line 53.
LaTeX Font Info:    ... okay on input line 53.
LaTeX Font Info:    Checking defaults for U/cmr/m/n on input line 53.
LaTeX Font Info:    ... okay on input line 53.

("C:\Program Files\MiKTeX 2.9\tex\context\base\supp-pdf.mkii"
[Loading MPS to PDF converter (version 2006.09.02).]
\scratchcounter=\count87
\scratchdimen=\dimen109
\scratchbox=\box26
\nofMPsegments=\count88
\nofMParguments=\count89
\everyMPshowfont=\toks15
\MPscratchCnt=\count90
\MPscratchDim=\dimen110
\MPnumerator=\count91
\makeMPintoPDFobject=\count92
\everyMPtoPDFconversion=\toks16
) ("C:\Program Files\MiKTeX 2.9\tex\latex\oberdiek\epstopdf-base.sty"
Package: epstopdf-base 2016/05/15 v2.6 Base part for package epstopdf

("C:\Program Files\MiKTeX 2.9\tex\generic\oberdiek\infwarerr.sty"
Package: infwarerr 2016/05/16 v1.4 Providing info/warning/error messages (HO)
)
("C:\Program Files\MiKTeX 2.9\tex\latex\oberdiek\grfext.sty"
Package: grfext 2016/05/16 v1.2 Manage graphics extensions (HO)

("C:\Program Files\MiKTeX 2.9\tex\generic\oberdiek\kvdefinekeys.sty"
Package: kvdefinekeys 2016/05/16 v1.4 Define keys (HO)

("C:\Program Files\MiKTeX 2.9\tex\generic\oberdiek\ltxcmds.sty"
Package: ltxcmds 2016/05/16 v1.23 LaTeX kernel commands for general use (HO)
)))
("C:\Program Files\MiKTeX 2.9\tex\latex\oberdiek\kvoptions.sty"
Package: kvoptions 2016/05/16 v3.12 Key value format for package options (HO)

("C:\Program Files\MiKTeX 2.9\tex\generic\oberdiek\kvsetkeys.sty"
Package: kvsetkeys 2016/05/16 v1.17 Key value parser (HO)

("C:\Program Files\MiKTeX 2.9\tex\generic\oberdiek\etexcmds.sty"
Package: etexcmds 2016/05/16 v1.6 Avoid name clashes with e-TeX commands (HO)

("C:\Program Files\MiKTeX 2.9\tex\generic\oberdiek\ifluatex.sty"
Package: ifluatex 2016/05/16 v1.4 Provides the ifluatex switch (HO)
Package ifluatex Info: LuaTeX not detected.
)
Package etexcmds Info: Could not find \expanded.
(etexcmds)             That can mean that you are not using pdfTeX 1.50 or
(etexcmds)             that some package has redefined \expanded.
(etexcmds)             In the latter case, load this package earlier.
)))
("C:\Program Files\MiKTeX 2.9\tex\generic\oberdiek\pdftexcmds.sty"
Package: pdftexcmds 2017/03/19 v0.25 Utility functions of pdfTeX for LuaTeX (HO
)

("C:\Program Files\MiKTeX 2.9\tex\generic\oberdiek\ifpdf.sty"
Package: ifpdf 2017/03/15 v3.2 Provides the ifpdf switch
)
Package pdftexcmds Info: LuaTeX not detected.
Package pdftexcmds Info: \pdf@primitive is available.
Package pdftexcmds Info: \pdf@ifprimitive is available.
Package pdftexcmds Info: \pdfdraftmode found.
)
Package epstopdf-base Info: Redefining graphics rule for `.eps' on input line 4
38.
Package grfext Info: Graphics extension search list:
(grfext)             [.pdf,.png,.jpg,.mps,.jpeg,.jbig2,.jb2,.PDF,.PNG,.JPG,.JPE
G,.JBIG2,.JB2,.eps]
(grfext)             \AppendGraphicsExtensions on input line 456.
)
Package color Info: Redefining color shadecolor on input line 59.
LaTeX Font Info:    Font shape `OT1/cmtt/bx/n' in size <10> not available
(Font)              Font shape `OT1/cmtt/m/n' tried instead on input line 61.

Overfull \hbox (6.74693pt too wide) in paragraph at lines 76--77
[]\OT1/cmtt/m/it/10 ## ## Copyright (C) 2003-2021 Andrew D. Martin, Kevin M. Qu
inn, and
 []

Package color Info: Redefining color shadecolor on input line 91.

Overfull \hbox (55.73264pt too wide) in paragraph at lines 95--95
[][]\OT1/cmtt/m/n/10 alphaBarAll[] []<-[] []1[] []\OT1/cmtt/m/it/10 ##common co
ncentration parameter for symmetric multivariate[][] 
 []

LaTeX Font Info:    Try loading font information for OMS+cmtt on input line 104
.
(C:/PROGRA~1/R/R-40~1.2/share/texmf/tex/latex\omscmtt.fd
File: omscmtt.fd 
)
LaTeX Font Info:    Font shape `OMS/cmtt/m/n' in size <10> not available
(Font)              Font shape `OMS/cmsy/m/n' tried instead on input line 104.

Overfull \hbox (22.4968pt too wide) in paragraph at lines 175--175
[][]\OT1/cmtt/m/n/10 dataFrameCases[] []<-[] []data.frame[][]([][]Case[][]=[][]
rep[][]([][]c[][]([][]"in interior"[][],[] []"on a vertex"[][]),[][] 
 []


Overfull \hbox (1.49698pt too wide) in paragraph at lines 187--187
[][]\OT1/cmtt/m/n/10 dataFrameCases[][]$[][]Case[] []<-[] []factor[][]([][]x[][
]=[][]as.character[][](dataFrameCases[][]$[][]Case),[][] 
 []


Overfull \hbox (17.24684pt too wide) in paragraph at lines 188--188
[]                              []\OT1/cmtt/m/n/10 levels[][]=[][]c[][]([][]"in
 interior"[][],[] []"on a vertex"[][]))[][] 
 []


Overfull \hbox (64.49643pt too wide) in paragraph at lines 190--190
[][]\OT1/cmtt/m/n/10 dataFrameCases[][]$[][]alphaBar[] []<-[] []paste[][]([][]"
alphaBar="[][], dataFrameCases[][]$[][]alphaBar,[] []sep[][]=[][]""[][])[][] 
 []

[1

{C:/Users/Simina/AppData/Local/MiKTeX/2.9/pdftex/config/pdftex.map}] [2]
Package color Info: Redefining color shadecolor on input line 198.

Overfull \hbox (165.98167pt too wide) in paragraph at lines 207--207
[]  []\OT1/cmtt/m/it/10 # ylab(expression("Fraction of runs for given location 
of " * underline(gamma[argmax]) * "")) +[][] 
 []


Overfull \hbox (176.48158pt too wide) in paragraph at lines 208--208
[]  []\OT1/cmtt/m/it/10 # ylab(expression("Fraction of runs with specific value
 for " * underline(gamma[argmax]) * "")) +[][] 
 []


Overfull \hbox (60.98259pt too wide) in paragraph at lines 210--210
[]                                []\OT1/cmtt/m/it/10 ##expression("At " * unde
rline(gamma) * "*"),[][] 
 []


Overfull \hbox (60.98259pt too wide) in paragraph at lines 214--214
[]                                []\OT1/cmtt/m/it/10 ##expression("At " * unde
rline(gamma) * "*"),[][] 
 []


Overfull \hbox (202.73135pt too wide) in paragraph at lines 219--219
[]  []\OT1/cmtt/m/it/10 # scale_color_discrete(labels = c(expression(underline(
gamma[argmax]) * "=" * underline(gamma) * "*"),[][] 
 []


Overfull \hbox (139.7319pt too wide) in paragraph at lines 220--220
[]  []\OT1/cmtt/m/it/10 #                                 expression(underline(
gamma[argmax]) * "=(1,0)    "))) +[][] 
 []


Overfull \hbox (6.74693pt too wide) in paragraph at lines 221--221
[]  []\OT1/cmtt/m/n/10 labs[][]([][]color[][]=[][]expression[][]([][]"Location 
of "[] []*[] []underline[][](gamma[argmax])),[][] 
 []


Overfull \hbox (17.24684pt too wide) in paragraph at lines 222--222
[]       []\OT1/cmtt/m/n/10 shape[][]=[][]expression[][]([][]"Location of "[] [
]*[] []underline[][](gamma[argmax])))[] []+[][] 
 []

[3]
Package color Info: Redefining color shadecolor on input line 247.

Overfull \hbox (32.9967pt too wide) in paragraph at lines 253--254
[]\OT1/cmtt/m/n/10 ## Warning in readChar(con, 5L, useBytes = TRUE): cannot ope
n compressed
 []


Overfull \hbox (0.86693pt too wide) in paragraph at lines 253--254
\OT1/cmtt/m/n/10 file 'sim[]max[]K[]3[]parallel.RData', probable reason 'No suc
h file or
 []


Overfull \hbox (43.49661pt too wide) in paragraph at lines 255--255
[]\OT1/cmtt/m/n/10 ## Error in readChar(con, 5L, useBytes = TRUE): cannot open 
the connection[] 
 []


Overfull \hbox (22.4968pt too wide) in paragraph at lines 260--260
[]\OT1/cmtt/m/n/10 ## Error in eval(expr, envir, enclos): object 'gammaMaxSim' 
not found[] 
 []


Overfull \hbox (55.73264pt too wide) in paragraph at lines 262--262
[][]\OT1/cmtt/m/n/10 alphaBarAll[] []<-[] []1[] []\OT1/cmtt/m/it/10 ##common co
ncentration parameter for symmetric multivariate[][] 
 []


Overfull \hbox (71.4825pt too wide) in paragraph at lines 277--277
[]  []\OT1/cmtt/m/it/10 ##get which value of gamma gives the maximum Hadm of th
e values inside [0,1] [][] 
 []


Overfull \hbox (137.99579pt too wide) in paragraph at lines 280--280
[]    []\OT1/cmtt/m/n/10 colnames[][](HadmMaxSim[,[][]-[][]([][]1[][]:[][]2[][]
)])[[][]apply[][](HadmMaxSim[,[][]-[][]([][]1[][]:[][]2[][])][][]*[][]gammaMaxS
im[,[][]-[][]1[][]],[] []1[][], which.max)][][] 
 []


Overfull \hbox (1.49698pt too wide) in paragraph at lines 318--318
[][]\OT1/cmtt/m/n/10 dataFrameCases[][]$[][]Case[] []<-[] []factor[][]([][]x[][
]=[][]as.character[][](dataFrameCases[][]$[][]Case),[][] 
 []


Overfull \hbox (64.49643pt too wide) in paragraph at lines 323--323
[][]\OT1/cmtt/m/n/10 dataFrameCases[][]$[][]alphaBar[] []<-[] []paste[][]([][]"
alphaBar="[][], dataFrameCases[][]$[][]alphaBar,[] []sep[][]=[][]""[][])[][] 
 []


Overfull \hbox (101.24611pt too wide) in paragraph at lines 327--327
[][]\OT1/cmtt/m/n/10 ggplot3[] []<-[] []ggplot[][](dataFrameCases,[] []aes[][](
[][]x[] []= J,[] []y[] []= Fraction,[] []color[][]=Case,[] []shape[][]=Case))[]
 []+[][] 
 []


Overfull \hbox (176.48158pt too wide) in paragraph at lines 332--332
[]  []\OT1/cmtt/m/it/10 # ylab(expression("Fraction of runs with specific value
 for " * underline(gamma[argmax]) * "")) +[][] 
 []


Overfull \hbox (60.98259pt too wide) in paragraph at lines 334--334
[]                                []\OT1/cmtt/m/it/10 ##expression("At " * unde
rline(gamma) * "*"),[][] 
 []


Overfull \hbox (71.4825pt too wide) in paragraph at lines 339--339
[]                                  []\OT1/cmtt/m/it/10 ##expression("At " * un
derline(gamma) * "*"),[][] 
 []


Overfull \hbox (202.73135pt too wide) in paragraph at lines 344--344
[]  []\OT1/cmtt/m/it/10 # scale_color_discrete(labels = c(expression(underline(
gamma[argmax]) * "=" * underline(gamma) * "*"),[][] 
 []


Overfull \hbox (228.98112pt too wide) in paragraph at lines 345--345
[]  []\OT1/cmtt/m/it/10 #                                 expression(underline(
gamma[argmax]) * "=" * underline(gamma) * "*(1,2)"),[][] 
 []


Overfull \hbox (129.232pt too wide) in paragraph at lines 346--346
[]  []\OT1/cmtt/m/it/10 #                                 expression(underline(
gamma[argmax]) * "=(1,0,0)"))) +[][] 
 []


Overfull \hbox (6.74693pt too wide) in paragraph at lines 347--347
[]  []\OT1/cmtt/m/n/10 labs[][]([][]color[][]=[][]expression[][]([][]"Location 
of "[] []*[] []underline[][](gamma[argmax])),[][] 
 []


Overfull \hbox (17.24684pt too wide) in paragraph at lines 348--348
[]       []\OT1/cmtt/m/n/10 shape[][]=[][]expression[][]([][]"Location of "[] [
]*[] []underline[][](gamma[argmax])))[] []+[][] 
 []

[4] [5]
Overfull \vbox (2.22223pt too high) detected at line 365
 []

[6]
Package color Info: Redefining color shadecolor on input line 372.

Overfull \hbox (197.4814pt too wide) in paragraph at lines 374--374
[][]\OT1/cmtt/m/it/10 # Multiple plot function - from http://www.cookbook-r.com
/Graphs/Multiple_graphs_on_one_page_(ggplot2)/[][] 
 []


Overfull \hbox (92.48232pt too wide) in paragraph at lines 376--376
[][]\OT1/cmtt/m/it/10 # ggplot objects can be passed in ..., or to plotlist (as
 a list of ggplot objects)[][] 
 []


Overfull \hbox (45.23273pt too wide) in paragraph at lines 378--378
[][]\OT1/cmtt/m/it/10 # - layout: A matrix specifying the layout. If present, 
cols is ignored.[][] 
 []


Overfull \hbox (39.98277pt too wide) in paragraph at lines 380--380
[][]\OT1/cmtt/m/it/10 # If the layout is something like matrix(c(1,2,3,3), nrow
=2, byrow=TRUE),[][] 
 []


Overfull \hbox (45.23273pt too wide) in paragraph at lines 381--381
[][]\OT1/cmtt/m/it/10 # then plot 1 will go in the upper left, 2 will go in the
 upper right, and[][] 
 []


Overfull \hbox (22.24686pt too wide) in paragraph at lines 384--384
[][]\OT1/cmtt/m/n/10 multiplot[] []<-[] []function[][]([][]...[][],[] []plotlis
t[][]=[][]NULL[][],[] []file[][],[] []cols[][]=[][]1[][],[] []layout[][]=[][]NU
LL[][]) \OMS/cmsy/m/n/10 f[][] 
 []


Overfull \hbox (53.99652pt too wide) in paragraph at lines 407--407
[]    []\OT1/cmtt/m/n/10 pushViewport[][]([][]viewport[][]([][]layout[] []=[] [
]grid.layout[][]([][]nrow[][](layout),[] []ncol[][](layout))))[][] 
 []


Overfull \hbox (60.98259pt too wide) in paragraph at lines 411--411
[]      []\OT1/cmtt/m/it/10 # Get the i,j matrix positions of the regions that 
contain this subplot[][] 
 []


Overfull \hbox (6.74693pt too wide) in paragraph at lines 412--412
[]      []\OT1/cmtt/m/n/10 matchidx[] []<-[] []as.data.frame[][]([][]which[][](
layout[] []==[] []i,[] []arr.ind[] []=[] []TRUE[][]))[][] 
 []


Overfull \hbox (11.99689pt too wide) in paragraph at lines 414--414
[]      []\OT1/cmtt/m/n/10 print[][](plots[[i]],[] []vp[] []=[] []viewport[][](
[][]layout.pos.row[] []= matchidx[][]$[][]row,[][] 
 []


Overfull \hbox (17.24684pt too wide) in paragraph at lines 415--415
[]                                      []\OT1/cmtt/m/n/10 layout.pos.col[] []=
 matchidx[][]$[][]col))[][] 
 []

[7]
Package color Info: Redefining color shadecolor on input line 424.
<../figs/Fig3-1.pdf, id=29, pagebox=cropbox, 722.7pt x 361.35pt>
File: ../figs/Fig3-1.pdf Graphic file (type pdf)
<use ../figs/Fig3-1.pdf>
Package pdftex.def Info: ../figs/Fig3-1.pdf  used on input line 431. on input l
ine 431.
Package pdftex.def Info: Requested size: 345.0pt x 172.49767pt on input line 43
1.

Overfull \hbox (15.0pt too wide) in paragraph at lines 431--432
[][] 
 []

)
! Emergency stop.
<*> ./generate_figure_3.tex
                           
*** (job aborted, no legal \end found)

 
Here is how much of TeX's memory you used:
 1579 strings out of 493312
 22860 string characters out of 3138897
 123841 words of memory out of 3000000
 5126 multiletter control sequences out of 15000+200000
 4581 words of font info for 18 fonts, out of 3000000 for 9000
 1141 hyphenation exceptions out of 8191
 41i,5n,25p,319b,278s stack positions out of 5000i,500n,10000p,200000b,50000s
!  ==> Fatal error occurred, no output PDF file produced!
